<?xml version="1.0" encoding="UTF-8"?>
<!-- Generated by org.testng.reporters.JUnitReportReporter -->
<testsuite hostname="Swati" failures="0" tests="1" name="testCases.VerifySignUpjava$VerifySignup" time="20.104" errors="0" timestamp="2023-04-26T15:16:33 EDT" skipped="0">
  <testcase classname="testCases.VerifySignUpjava$VerifySignup" name="signup" time="20.104"/>
  <system-out/>
</testsuite> <!-- testCases.VerifySignUpjava$VerifySignup -->
