<?xml version="1.0" encoding="UTF-8"?>
<!-- Generated by org.testng.reporters.JUnitReportReporter -->
<testsuite hostname="Swati" failures="0" tests="1" name="testCases.VerifySignUp$VerifySignup" time="15.311" errors="0" timestamp="2023-04-27T15:18:46 EDT" skipped="0">
  <testcase classname="testCases.VerifySignUp$VerifySignup" name="signup" time="15.311"/>
  <system-out/>
</testsuite> <!-- testCases.VerifySignUp$VerifySignup -->
