<?xml version="1.0" encoding="UTF-8"?>
<!-- Generated by org.testng.reporters.JUnitReportReporter -->
<testsuite hostname="Swati" failures="0" tests="1" name="testCases.VerifySignup" time="13.830" errors="0" timestamp="2023-04-30T21:57:23 EDT" skipped="0">
  <testcase classname="testCases.VerifySignup" name="signup" time="13.830"/>
  <system-out/>
</testsuite> <!-- testCases.VerifySignup -->
